This is pdfTeX, Version 3.1415926-1.40.10 (TeX Live 2009/Debian) (format=pdflatex 2012.5.16)  7 FEB 2013 22:28
entering extended mode
 %&-line parsing enabled.
**book.tex
(./book.tex
LaTeX2e <2009/09/24>
Babel <v3.8l> and hyphenation patterns for english, usenglishmax, dumylang, noh
yphenation, bulgarian, ukrainian, russian, loaded.
(/usr/share/texmf-texlive/tex/latex/base/article.cls
Document Class: article 2007/10/19 v1.4h Standard LaTeX document class
(/usr/share/texmf-texlive/tex/latex/base/size12.clo
File: size12.clo 2007/10/19 v1.4h Standard LaTeX file (size option)
)
\c@part=\count79
\c@section=\count80
\c@subsection=\count81
\c@subsubsection=\count82
\c@paragraph=\count83
\c@subparagraph=\count84
\c@figure=\count85
\c@table=\count86
\abovecaptionskip=\skip41
\belowcaptionskip=\skip42
\bibindent=\dimen102
)
(/usr/share/texmf-texlive/tex/latex/psnfss/times.sty
Package: times 2005/04/12 PSNFSS-v9.2a (SPQR) 
)
(/usr/share/texmf-texlive/tex/latex/verse/verse.sty
Package: verse 2009/09/04 v2.4a verse typesetting
\c@vslineno=\count87
\c@poemline=\count88
\c@fvsline=\count89
\c@modulo@vs=\count90
\c@verse@envctr=\count91
\versewidth=\skip43
\vgap=\skip44
\vindent=\skip45
\stanzaskip=\skip46
\vleftskip=\skip47
\vrightskip=\skip48
\c@chrsinstr=\count92
\beforepoemtitleskip=\skip49
\afterpoemtitleskip=\skip50
)
(/usr/share/texmf-texlive/tex/latex/cmap/cmap.sty
Package: cmap 2008/03/06 v1.0h CMap support: searchable PDF
)
(/home/annndrey/.texmf-var/tex/latex/pscyr/pscyr.sty
Package: pscyr 2002/07/04 v0.4d Cyrillic Type1 fonts as default
)
(/usr/share/texmf-texlive/tex/latex/float/float.sty
Package: float 2001/11/08 v1.3d Float enhancements (AL)
\c@float@type=\count93
\float@exts=\toks14
\float@box=\box26
\@float@everytoks=\toks15
\@floatcapt=\box27
)
(/usr/share/texmf-texlive/tex/latex/epigraph/epigraph.sty
Package: epigraph 2009/09/02 v1.5c typesetting epigraphs
\beforeepigraphskip=\skip51
\afterepigraphskip=\skip52
\epigraphwidth=\skip53
\epigraphrule=\skip54
)
(/usr/share/texmf-texlive/tex/latex/base/fontenc.sty
Package: fontenc 2005/09/27 v1.99g Standard LaTeX package

(/usr/share/texmf-texlive/tex/latex/cyrillic/t2aenc.def
File: t2aenc.def 2005/09/27 v1.0i Cyrillic encoding definition file
)
LaTeX Font Info:    Try loading font information for T2A+cmr on input line 100.


(/usr/share/texmf-texlive/tex/latex/cyrillic/t2acmr.fd
File: t2acmr.fd 2001/08/11 v1.0a Computer Modern Cyrillic font definitions
)<<t2a.cmap>>)
(/usr/share/texmf-texlive/tex/latex/base/inputenc.sty
Package: inputenc 2008/03/30 v1.1d Input encoding file
\inpenc@prehook=\toks16
\inpenc@posthook=\toks17

(/usr/share/texmf-texlive/tex/latex/base/utf8.def
File: utf8.def 2008/04/05 v1.1m UTF-8 support for inputenc
Now handling font encoding OML ...
... no UTF-8 mapping file for font encoding OML
Now handling font encoding T1 ...
... processing UTF-8 mapping file for font encoding T1

(/usr/share/texmf-texlive/tex/latex/base/t1enc.dfu
File: t1enc.dfu 2008/04/05 v1.1m UTF-8 support for inputenc
   defining Unicode char U+00A1 (decimal 161)
   defining Unicode char U+00A3 (decimal 163)
   defining Unicode char U+00AB (decimal 171)
   defining Unicode char U+00BB (decimal 187)
   defining Unicode char U+00BF (decimal 191)
   defining Unicode char U+00C0 (decimal 192)
   defining Unicode char U+00C1 (decimal 193)
   defining Unicode char U+00C2 (decimal 194)
   defining Unicode char U+00C3 (decimal 195)
   defining Unicode char U+00C4 (decimal 196)
   defining Unicode char U+00C5 (decimal 197)
   defining Unicode char U+00C6 (decimal 198)
   defining Unicode char U+00C7 (decimal 199)
   defining Unicode char U+00C8 (decimal 200)
   defining Unicode char U+00C9 (decimal 201)
   defining Unicode char U+00CA (decimal 202)
   defining Unicode char U+00CB (decimal 203)
   defining Unicode char U+00CC (decimal 204)
   defining Unicode char U+00CD (decimal 205)
   defining Unicode char U+00CE (decimal 206)
   defining Unicode char U+00CF (decimal 207)
   defining Unicode char U+00D0 (decimal 208)
   defining Unicode char U+00D1 (decimal 209)
   defining Unicode char U+00D2 (decimal 210)
   defining Unicode char U+00D3 (decimal 211)
   defining Unicode char U+00D4 (decimal 212)
   defining Unicode char U+00D5 (decimal 213)
   defining Unicode char U+00D6 (decimal 214)
   defining Unicode char U+00D8 (decimal 216)
   defining Unicode char U+00D9 (decimal 217)
   defining Unicode char U+00DA (decimal 218)
   defining Unicode char U+00DB (decimal 219)
   defining Unicode char U+00DC (decimal 220)
   defining Unicode char U+00DD (decimal 221)
   defining Unicode char U+00DE (decimal 222)
   defining Unicode char U+00DF (decimal 223)
   defining Unicode char U+00E0 (decimal 224)
   defining Unicode char U+00E1 (decimal 225)
   defining Unicode char U+00E2 (decimal 226)
   defining Unicode char U+00E3 (decimal 227)
   defining Unicode char U+00E4 (decimal 228)
   defining Unicode char U+00E5 (decimal 229)
   defining Unicode char U+00E6 (decimal 230)
   defining Unicode char U+00E7 (decimal 231)
   defining Unicode char U+00E8 (decimal 232)
   defining Unicode char U+00E9 (decimal 233)
   defining Unicode char U+00EA (decimal 234)
   defining Unicode char U+00EB (decimal 235)
   defining Unicode char U+00EC (decimal 236)
   defining Unicode char U+00ED (decimal 237)
   defining Unicode char U+00EE (decimal 238)
   defining Unicode char U+00EF (decimal 239)
   defining Unicode char U+00F0 (decimal 240)
   defining Unicode char U+00F1 (decimal 241)
   defining Unicode char U+00F2 (decimal 242)
   defining Unicode char U+00F3 (decimal 243)
   defining Unicode char U+00F4 (decimal 244)
   defining Unicode char U+00F5 (decimal 245)
   defining Unicode char U+00F6 (decimal 246)
   defining Unicode char U+00F8 (decimal 248)
   defining Unicode char U+00F9 (decimal 249)
   defining Unicode char U+00FA (decimal 250)
   defining Unicode char U+00FB (decimal 251)
   defining Unicode char U+00FC (decimal 252)
   defining Unicode char U+00FD (decimal 253)
   defining Unicode char U+00FE (decimal 254)
   defining Unicode char U+00FF (decimal 255)
   defining Unicode char U+0102 (decimal 258)
   defining Unicode char U+0103 (decimal 259)
   defining Unicode char U+0104 (decimal 260)
   defining Unicode char U+0105 (decimal 261)
   defining Unicode char U+0106 (decimal 262)
   defining Unicode char U+0107 (decimal 263)
   defining Unicode char U+010C (decimal 268)
   defining Unicode char U+010D (decimal 269)
   defining Unicode char U+010E (decimal 270)
   defining Unicode char U+010F (decimal 271)
   defining Unicode char U+0110 (decimal 272)
   defining Unicode char U+0111 (decimal 273)
   defining Unicode char U+0118 (decimal 280)
   defining Unicode char U+0119 (decimal 281)
   defining Unicode char U+011A (decimal 282)
   defining Unicode char U+011B (decimal 283)
   defining Unicode char U+011E (decimal 286)
   defining Unicode char U+011F (decimal 287)
   defining Unicode char U+0130 (decimal 304)
   defining Unicode char U+0131 (decimal 305)
   defining Unicode char U+0132 (decimal 306)
   defining Unicode char U+0133 (decimal 307)
   defining Unicode char U+0139 (decimal 313)
   defining Unicode char U+013A (decimal 314)
   defining Unicode char U+013D (decimal 317)
   defining Unicode char U+013E (decimal 318)
   defining Unicode char U+0141 (decimal 321)
   defining Unicode char U+0142 (decimal 322)
   defining Unicode char U+0143 (decimal 323)
   defining Unicode char U+0144 (decimal 324)
   defining Unicode char U+0147 (decimal 327)
   defining Unicode char U+0148 (decimal 328)
   defining Unicode char U+014A (decimal 330)
   defining Unicode char U+014B (decimal 331)
   defining Unicode char U+0150 (decimal 336)
   defining Unicode char U+0151 (decimal 337)
   defining Unicode char U+0152 (decimal 338)
   defining Unicode char U+0153 (decimal 339)
   defining Unicode char U+0154 (decimal 340)
   defining Unicode char U+0155 (decimal 341)
   defining Unicode char U+0158 (decimal 344)
   defining Unicode char U+0159 (decimal 345)
   defining Unicode char U+015A (decimal 346)
   defining Unicode char U+015B (decimal 347)
   defining Unicode char U+015E (decimal 350)
   defining Unicode char U+015F (decimal 351)
   defining Unicode char U+0160 (decimal 352)
   defining Unicode char U+0161 (decimal 353)
   defining Unicode char U+0162 (decimal 354)
   defining Unicode char U+0163 (decimal 355)
   defining Unicode char U+0164 (decimal 356)
   defining Unicode char U+0165 (decimal 357)
   defining Unicode char U+016E (decimal 366)
   defining Unicode char U+016F (decimal 367)
   defining Unicode char U+0170 (decimal 368)
   defining Unicode char U+0171 (decimal 369)
   defining Unicode char U+0178 (decimal 376)
   defining Unicode char U+0179 (decimal 377)
   defining Unicode char U+017A (decimal 378)
   defining Unicode char U+017B (decimal 379)
   defining Unicode char U+017C (decimal 380)
   defining Unicode char U+017D (decimal 381)
   defining Unicode char U+017E (decimal 382)
   defining Unicode char U+200C (decimal 8204)
   defining Unicode char U+2013 (decimal 8211)
   defining Unicode char U+2014 (decimal 8212)
   defining Unicode char U+2018 (decimal 8216)
   defining Unicode char U+2019 (decimal 8217)
   defining Unicode char U+201A (decimal 8218)
   defining Unicode char U+201C (decimal 8220)
   defining Unicode char U+201D (decimal 8221)
   defining Unicode char U+201E (decimal 8222)
   defining Unicode char U+2030 (decimal 8240)
   defining Unicode char U+2031 (decimal 8241)
   defining Unicode char U+2039 (decimal 8249)
   defining Unicode char U+203A (decimal 8250)
   defining Unicode char U+2423 (decimal 9251)
)
Now handling font encoding OT1 ...
... processing UTF-8 mapping file for font encoding OT1

(/usr/share/texmf-texlive/tex/latex/base/ot1enc.dfu
File: ot1enc.dfu 2008/04/05 v1.1m UTF-8 support for inputenc
   defining Unicode char U+00A1 (decimal 161)
   defining Unicode char U+00A3 (decimal 163)
   defining Unicode char U+00B8 (decimal 184)
   defining Unicode char U+00BF (decimal 191)
   defining Unicode char U+00C5 (decimal 197)
   defining Unicode char U+00C6 (decimal 198)
   defining Unicode char U+00D8 (decimal 216)
   defining Unicode char U+00DF (decimal 223)
   defining Unicode char U+00E6 (decimal 230)
   defining Unicode char U+00EC (decimal 236)
   defining Unicode char U+00ED (decimal 237)
   defining Unicode char U+00EE (decimal 238)
   defining Unicode char U+00EF (decimal 239)
   defining Unicode char U+00F8 (decimal 248)
   defining Unicode char U+0131 (decimal 305)
   defining Unicode char U+0141 (decimal 321)
   defining Unicode char U+0142 (decimal 322)
   defining Unicode char U+0152 (decimal 338)
   defining Unicode char U+0153 (decimal 339)
   defining Unicode char U+2013 (decimal 8211)
   defining Unicode char U+2014 (decimal 8212)
   defining Unicode char U+2018 (decimal 8216)
   defining Unicode char U+2019 (decimal 8217)
   defining Unicode char U+201C (decimal 8220)
   defining Unicode char U+201D (decimal 8221)
)
Now handling font encoding OMS ...
... processing UTF-8 mapping file for font encoding OMS

(/usr/share/texmf-texlive/tex/latex/base/omsenc.dfu
File: omsenc.dfu 2008/04/05 v1.1m UTF-8 support for inputenc
   defining Unicode char U+00A7 (decimal 167)
   defining Unicode char U+00B6 (decimal 182)
   defining Unicode char U+00B7 (decimal 183)
   defining Unicode char U+2020 (decimal 8224)
   defining Unicode char U+2021 (decimal 8225)
   defining Unicode char U+2022 (decimal 8226)
)
Now handling font encoding OMX ...
... no UTF-8 mapping file for font encoding OMX
Now handling font encoding U ...
... no UTF-8 mapping file for font encoding U
Now handling font encoding T2A ...
... processing UTF-8 mapping file for font encoding T2A

(/usr/share/texmf-texlive/tex/latex/base/t2aenc.dfu
File: t2aenc.dfu 2008/04/05 v1.1m UTF-8 support for inputenc
   defining Unicode char U+00A4 (decimal 164)
   defining Unicode char U+00A7 (decimal 167)
   defining Unicode char U+00AB (decimal 171)
   defining Unicode char U+00BB (decimal 187)
   defining Unicode char U+0131 (decimal 305)
   defining Unicode char U+0400 (decimal 1024)
   defining Unicode char U+0401 (decimal 1025)
   defining Unicode char U+0402 (decimal 1026)
   defining Unicode char U+0403 (decimal 1027)
   defining Unicode char U+0404 (decimal 1028)
   defining Unicode char U+0405 (decimal 1029)
   defining Unicode char U+0406 (decimal 1030)
   defining Unicode char U+0407 (decimal 1031)
   defining Unicode char U+0408 (decimal 1032)
   defining Unicode char U+0409 (decimal 1033)
   defining Unicode char U+040A (decimal 1034)
   defining Unicode char U+040B (decimal 1035)
   defining Unicode char U+040C (decimal 1036)
   defining Unicode char U+040D (decimal 1037)
   defining Unicode char U+040E (decimal 1038)
   defining Unicode char U+040F (decimal 1039)
   defining Unicode char U+0410 (decimal 1040)
   defining Unicode char U+0411 (decimal 1041)
   defining Unicode char U+0412 (decimal 1042)
   defining Unicode char U+0413 (decimal 1043)
   defining Unicode char U+0414 (decimal 1044)
   defining Unicode char U+0415 (decimal 1045)
   defining Unicode char U+0416 (decimal 1046)
   defining Unicode char U+0417 (decimal 1047)
   defining Unicode char U+0418 (decimal 1048)
   defining Unicode char U+0419 (decimal 1049)
   defining Unicode char U+041A (decimal 1050)
   defining Unicode char U+041B (decimal 1051)
   defining Unicode char U+041C (decimal 1052)
   defining Unicode char U+041D (decimal 1053)
   defining Unicode char U+041E (decimal 1054)
   defining Unicode char U+041F (decimal 1055)
   defining Unicode char U+0420 (decimal 1056)
   defining Unicode char U+0421 (decimal 1057)
   defining Unicode char U+0422 (decimal 1058)
   defining Unicode char U+0423 (decimal 1059)
   defining Unicode char U+0424 (decimal 1060)
   defining Unicode char U+0425 (decimal 1061)
   defining Unicode char U+0426 (decimal 1062)
   defining Unicode char U+0427 (decimal 1063)
   defining Unicode char U+0428 (decimal 1064)
   defining Unicode char U+0429 (decimal 1065)
   defining Unicode char U+042A (decimal 1066)
   defining Unicode char U+042B (decimal 1067)
   defining Unicode char U+042C (decimal 1068)
   defining Unicode char U+042D (decimal 1069)
   defining Unicode char U+042E (decimal 1070)
   defining Unicode char U+042F (decimal 1071)
   defining Unicode char U+0430 (decimal 1072)
   defining Unicode char U+0431 (decimal 1073)
   defining Unicode char U+0432 (decimal 1074)
   defining Unicode char U+0433 (decimal 1075)
   defining Unicode char U+0434 (decimal 1076)
   defining Unicode char U+0435 (decimal 1077)
   defining Unicode char U+0436 (decimal 1078)
   defining Unicode char U+0437 (decimal 1079)
   defining Unicode char U+0438 (decimal 1080)
   defining Unicode char U+0439 (decimal 1081)
   defining Unicode char U+043A (decimal 1082)
   defining Unicode char U+043B (decimal 1083)
   defining Unicode char U+043C (decimal 1084)
   defining Unicode char U+043D (decimal 1085)
   defining Unicode char U+043E (decimal 1086)
   defining Unicode char U+043F (decimal 1087)
   defining Unicode char U+0440 (decimal 1088)
   defining Unicode char U+0441 (decimal 1089)
   defining Unicode char U+0442 (decimal 1090)
   defining Unicode char U+0443 (decimal 1091)
   defining Unicode char U+0444 (decimal 1092)
   defining Unicode char U+0445 (decimal 1093)
   defining Unicode char U+0446 (decimal 1094)
   defining Unicode char U+0447 (decimal 1095)
   defining Unicode char U+0448 (decimal 1096)
   defining Unicode char U+0449 (decimal 1097)
   defining Unicode char U+044A (decimal 1098)
   defining Unicode char U+044B (decimal 1099)
   defining Unicode char U+044C (decimal 1100)
   defining Unicode char U+044D (decimal 1101)
   defining Unicode char U+044E (decimal 1102)
   defining Unicode char U+044F (decimal 1103)
   defining Unicode char U+0450 (decimal 1104)
   defining Unicode char U+0451 (decimal 1105)
   defining Unicode char U+0452 (decimal 1106)
   defining Unicode char U+0453 (decimal 1107)
   defining Unicode char U+0454 (decimal 1108)
   defining Unicode char U+0455 (decimal 1109)
   defining Unicode char U+0456 (decimal 1110)
   defining Unicode char U+0457 (decimal 1111)
   defining Unicode char U+0458 (decimal 1112)
   defining Unicode char U+0459 (decimal 1113)
   defining Unicode char U+045A (decimal 1114)
   defining Unicode char U+045B (decimal 1115)
   defining Unicode char U+045C (decimal 1116)
   defining Unicode char U+045D (decimal 1117)
   defining Unicode char U+045E (decimal 1118)
   defining Unicode char U+045F (decimal 1119)
   defining Unicode char U+0490 (decimal 1168)
   defining Unicode char U+0491 (decimal 1169)
   defining Unicode char U+0492 (decimal 1170)
   defining Unicode char U+0493 (decimal 1171)
   defining Unicode char U+0496 (decimal 1174)
   defining Unicode char U+0497 (decimal 1175)
   defining Unicode char U+0498 (decimal 1176)
   defining Unicode char U+0499 (decimal 1177)
   defining Unicode char U+049A (decimal 1178)
   defining Unicode char U+049B (decimal 1179)
   defining Unicode char U+049C (decimal 1180)
   defining Unicode char U+049D (decimal 1181)
   defining Unicode char U+04A0 (decimal 1184)
   defining Unicode char U+04A1 (decimal 1185)
   defining Unicode char U+04A2 (decimal 1186)
   defining Unicode char U+04A3 (decimal 1187)
   defining Unicode char U+04A4 (decimal 1188)
   defining Unicode char U+04A5 (decimal 1189)
   defining Unicode char U+04AA (decimal 1194)
   defining Unicode char U+04AB (decimal 1195)
   defining Unicode char U+04AE (decimal 1198)
   defining Unicode char U+04AF (decimal 1199)
   defining Unicode char U+04B0 (decimal 1200)
   defining Unicode char U+04B1 (decimal 1201)
   defining Unicode char U+04B2 (decimal 1202)
   defining Unicode char U+04B3 (decimal 1203)
   defining Unicode char U+04B6 (decimal 1206)
   defining Unicode char U+04B7 (decimal 1207)
   defining Unicode char U+04B8 (decimal 1208)
   defining Unicode char U+04B9 (decimal 1209)
   defining Unicode char U+04BA (decimal 1210)
   defining Unicode char U+04BB (decimal 1211)
   defining Unicode char U+04C0 (decimal 1216)
   defining Unicode char U+04C1 (decimal 1217)
   defining Unicode char U+04C2 (decimal 1218)
   defining Unicode char U+04D0 (decimal 1232)
   defining Unicode char U+04D1 (decimal 1233)
   defining Unicode char U+04D2 (decimal 1234)
   defining Unicode char U+04D3 (decimal 1235)
   defining Unicode char U+04D4 (decimal 1236)
   defining Unicode char U+04D5 (decimal 1237)
   defining Unicode char U+04D6 (decimal 1238)
   defining Unicode char U+04D7 (decimal 1239)
   defining Unicode char U+04D8 (decimal 1240)
   defining Unicode char U+04D9 (decimal 1241)
   defining Unicode char U+04DA (decimal 1242)
   defining Unicode char U+04DB (decimal 1243)
   defining Unicode char U+04DC (decimal 1244)
   defining Unicode char U+04DD (decimal 1245)
   defining Unicode char U+04DE (decimal 1246)
   defining Unicode char U+04DF (decimal 1247)
   defining Unicode char U+04E2 (decimal 1250)
   defining Unicode char U+04E3 (decimal 1251)
   defining Unicode char U+04E4 (decimal 1252)
   defining Unicode char U+04E5 (decimal 1253)
   defining Unicode char U+04E6 (decimal 1254)
   defining Unicode char U+04E7 (decimal 1255)
   defining Unicode char U+04E8 (decimal 1256)
   defining Unicode char U+04E9 (decimal 1257)
   defining Unicode char U+04EC (decimal 1260)
   defining Unicode char U+04ED (decimal 1261)
   defining Unicode char U+04EE (decimal 1262)
   defining Unicode char U+04EF (decimal 1263)
   defining Unicode char U+04F0 (decimal 1264)
   defining Unicode char U+04F1 (decimal 1265)
   defining Unicode char U+04F2 (decimal 1266)
   defining Unicode char U+04F3 (decimal 1267)
   defining Unicode char U+04F4 (decimal 1268)
   defining Unicode char U+04F5 (decimal 1269)
   defining Unicode char U+04F8 (decimal 1272)
   defining Unicode char U+04F9 (decimal 1273)
   defining Unicode char U+200C (decimal 8204)
   defining Unicode char U+2013 (decimal 8211)
   defining Unicode char U+2014 (decimal 8212)
   defining Unicode char U+2018 (decimal 8216)
   defining Unicode char U+2019 (decimal 8217)
   defining Unicode char U+201C (decimal 8220)
   defining Unicode char U+201D (decimal 8221)
   defining Unicode char U+201E (decimal 8222)
   defining Unicode char U+2030 (decimal 8240)
   defining Unicode char U+2031 (decimal 8241)
   defining Unicode char U+2116 (decimal 8470)
   defining Unicode char U+2329 (decimal 9001)
   defining Unicode char U+232A (decimal 9002)
   defining Unicode char U+2423 (decimal 9251)
)
   defining Unicode char U+00A9 (decimal 169)
   defining Unicode char U+00AA (decimal 170)
   defining Unicode char U+00AE (decimal 174)
   defining Unicode char U+00BA (decimal 186)
   defining Unicode char U+02C6 (decimal 710)
   defining Unicode char U+02DC (decimal 732)
   defining Unicode char U+200C (decimal 8204)
   defining Unicode char U+2026 (decimal 8230)
   defining Unicode char U+2122 (decimal 8482)
   defining Unicode char U+2423 (decimal 9251)
))
(/usr/share/texmf-texlive/tex/latex/graphics/graphicx.sty
Package: graphicx 1999/02/16 v1.0f Enhanced LaTeX Graphics (DPC,SPQR)

(/usr/share/texmf-texlive/tex/latex/graphics/keyval.sty
Package: keyval 1999/03/16 v1.13 key=value parser (DPC)
\KV@toks@=\toks18
)
(/usr/share/texmf-texlive/tex/latex/graphics/graphics.sty
Package: graphics 2009/02/05 v1.0o Standard LaTeX Graphics (DPC,SPQR)

(/usr/share/texmf-texlive/tex/latex/graphics/trig.sty
Package: trig 1999/03/16 v1.09 sin cos tan (DPC)
)
(/etc/texmf/tex/latex/config/graphics.cfg
File: graphics.cfg 2009/08/28 v1.8 graphics configuration of TeX Live
)
Package graphics Info: Driver file: pdftex.def on input line 91.

(/usr/share/texmf-texlive/tex/latex/pdftex-def/pdftex.def
File: pdftex.def 2010/03/12 v0.04p Graphics/color for pdfTeX
\Gread@gobject=\count94
))
\Gin@req@height=\dimen103
\Gin@req@width=\dimen104
)
(/usr/share/texmf-texlive/tex/generic/babel/babel.sty
Package: babel 2008/07/06 v3.8l The Babel package

(/usr/share/texmf-texlive/tex/generic/babel/english.ldf
Language: english 2005/03/30 v3.3o English support from the babel system

(/usr/share/texmf-texlive/tex/generic/babel/babel.def
File: babel.def 2008/07/06 v3.8l Babel common definitions
\babel@savecnt=\count95
\U@D=\dimen105
)
\l@british = a dialect from \language\l@english 
\l@UKenglish = a dialect from \language\l@english 
\l@canadian = a dialect from \language\l@american 
\l@australian = a dialect from \language\l@british 
\l@newzealand = a dialect from \language\l@british 
)
(/usr/share/texmf-texlive/tex/generic/babel/russianb.ldf
Language: russianb 2008/03/21 v1.1r Russian support from the babel system
Package babel Info: Making " an active character on input line 199.
))
(/usr/share/texmf-texlive/tex/latex/base/textcomp.sty
Package: textcomp 2005/09/27 v1.99g Standard LaTeX package
Package textcomp Info: Sub-encoding information:
(textcomp)               5 = only ISO-Adobe without \textcurrency
(textcomp)               4 = 5 + \texteuro
(textcomp)               3 = 4 + \textohm
(textcomp)               2 = 3 + \textestimated + \textcurrency
(textcomp)               1 = TS1 - \textcircled - \t
(textcomp)               0 = TS1 (full)
(textcomp)             Font families with sub-encoding setting implement
(textcomp)             only a restricted character set as indicated.
(textcomp)             Family '?' is the default used for unknown fonts.
(textcomp)             See the documentation for details.
Package textcomp Info: Setting ? sub-encoding to TS1/1 on input line 71.

(/usr/share/texmf-texlive/tex/latex/base/ts1enc.def
File: ts1enc.def 2001/06/05 v3.0e (jk/car/fm) Standard LaTeX file
Now handling font encoding TS1 ...
... processing UTF-8 mapping file for font encoding TS1

(/usr/share/texmf-texlive/tex/latex/base/ts1enc.dfu
File: ts1enc.dfu 2008/04/05 v1.1m UTF-8 support for inputenc
   defining Unicode char U+00A2 (decimal 162)
   defining Unicode char U+00A3 (decimal 163)
   defining Unicode char U+00A4 (decimal 164)
   defining Unicode char U+00A5 (decimal 165)
   defining Unicode char U+00A6 (decimal 166)
   defining Unicode char U+00A7 (decimal 167)
   defining Unicode char U+00A8 (decimal 168)
   defining Unicode char U+00A9 (decimal 169)
   defining Unicode char U+00AA (decimal 170)
   defining Unicode char U+00AC (decimal 172)
   defining Unicode char U+00AE (decimal 174)
   defining Unicode char U+00AF (decimal 175)
   defining Unicode char U+00B0 (decimal 176)
   defining Unicode char U+00B1 (decimal 177)
   defining Unicode char U+00B2 (decimal 178)
   defining Unicode char U+00B3 (decimal 179)
   defining Unicode char U+00B4 (decimal 180)
   defining Unicode char U+00B5 (decimal 181)
   defining Unicode char U+00B6 (decimal 182)
   defining Unicode char U+00B7 (decimal 183)
   defining Unicode char U+00B9 (decimal 185)
   defining Unicode char U+00BA (decimal 186)
   defining Unicode char U+00BC (decimal 188)
   defining Unicode char U+00BD (decimal 189)
   defining Unicode char U+00BE (decimal 190)
   defining Unicode char U+00D7 (decimal 215)
   defining Unicode char U+00F7 (decimal 247)
   defining Unicode char U+0192 (decimal 402)
   defining Unicode char U+02C7 (decimal 711)
   defining Unicode char U+02D8 (decimal 728)
   defining Unicode char U+02DD (decimal 733)
   defining Unicode char U+0E3F (decimal 3647)
   defining Unicode char U+2016 (decimal 8214)
   defining Unicode char U+2020 (decimal 8224)
   defining Unicode char U+2021 (decimal 8225)
   defining Unicode char U+2022 (decimal 8226)
   defining Unicode char U+2030 (decimal 8240)
   defining Unicode char U+2031 (decimal 8241)
   defining Unicode char U+203B (decimal 8251)
   defining Unicode char U+203D (decimal 8253)
   defining Unicode char U+2044 (decimal 8260)
   defining Unicode char U+204E (decimal 8270)
   defining Unicode char U+2052 (decimal 8274)
   defining Unicode char U+20A1 (decimal 8353)
   defining Unicode char U+20A4 (decimal 8356)
   defining Unicode char U+20A6 (decimal 8358)
   defining Unicode char U+20A9 (decimal 8361)
   defining Unicode char U+20AB (decimal 8363)
   defining Unicode char U+20AC (decimal 8364)
   defining Unicode char U+20B1 (decimal 8369)
   defining Unicode char U+2103 (decimal 8451)
   defining Unicode char U+2116 (decimal 8470)
   defining Unicode char U+2117 (decimal 8471)
   defining Unicode char U+211E (decimal 8478)
   defining Unicode char U+2120 (decimal 8480)
   defining Unicode char U+2122 (decimal 8482)
   defining Unicode char U+2126 (decimal 8486)
   defining Unicode char U+2127 (decimal 8487)
   defining Unicode char U+212E (decimal 8494)
   defining Unicode char U+2190 (decimal 8592)
   defining Unicode char U+2191 (decimal 8593)
   defining Unicode char U+2192 (decimal 8594)
   defining Unicode char U+2193 (decimal 8595)
   defining Unicode char U+2329 (decimal 9001)
   defining Unicode char U+232A (decimal 9002)
   defining Unicode char U+2422 (decimal 9250)
   defining Unicode char U+25E6 (decimal 9702)
   defining Unicode char U+25EF (decimal 9711)
   defining Unicode char U+266A (decimal 9834)
))
LaTeX Info: Redefining \oldstylenums on input line 266.
Package textcomp Info: Setting cmr sub-encoding to TS1/0 on input line 281.
Package textcomp Info: Setting cmss sub-encoding to TS1/0 on input line 282.
Package textcomp Info: Setting cmtt sub-encoding to TS1/0 on input line 283.
Package textcomp Info: Setting cmvtt sub-encoding to TS1/0 on input line 284.
Package textcomp Info: Setting cmbr sub-encoding to TS1/0 on input line 285.
Package textcomp Info: Setting cmtl sub-encoding to TS1/0 on input line 286.
Package textcomp Info: Setting ccr sub-encoding to TS1/0 on input line 287.
Package textcomp Info: Setting ptm sub-encoding to TS1/4 on input line 288.
Package textcomp Info: Setting pcr sub-encoding to TS1/4 on input line 289.
Package textcomp Info: Setting phv sub-encoding to TS1/4 on input line 290.
Package textcomp Info: Setting ppl sub-encoding to TS1/3 on input line 291.
Package textcomp Info: Setting pag sub-encoding to TS1/4 on input line 292.
Package textcomp Info: Setting pbk sub-encoding to TS1/4 on input line 293.
Package textcomp Info: Setting pnc sub-encoding to TS1/4 on input line 294.
Package textcomp Info: Setting pzc sub-encoding to TS1/4 on input line 295.
Package textcomp Info: Setting bch sub-encoding to TS1/4 on input line 296.
Package textcomp Info: Setting put sub-encoding to TS1/5 on input line 297.
Package textcomp Info: Setting uag sub-encoding to TS1/5 on input line 298.
Package textcomp Info: Setting ugq sub-encoding to TS1/5 on input line 299.
Package textcomp Info: Setting ul8 sub-encoding to TS1/4 on input line 300.
Package textcomp Info: Setting ul9 sub-encoding to TS1/4 on input line 301.
Package textcomp Info: Setting augie sub-encoding to TS1/5 on input line 302.
Package textcomp Info: Setting dayrom sub-encoding to TS1/3 on input line 303.
Package textcomp Info: Setting dayroms sub-encoding to TS1/3 on input line 304.

Package textcomp Info: Setting pxr sub-encoding to TS1/0 on input line 305.
Package textcomp Info: Setting pxss sub-encoding to TS1/0 on input line 306.
Package textcomp Info: Setting pxtt sub-encoding to TS1/0 on input line 307.
Package textcomp Info: Setting txr sub-encoding to TS1/0 on input line 308.
Package textcomp Info: Setting txss sub-encoding to TS1/0 on input line 309.
Package textcomp Info: Setting txtt sub-encoding to TS1/0 on input line 310.
Package textcomp Info: Setting futs sub-encoding to TS1/4 on input line 311.
Package textcomp Info: Setting futx sub-encoding to TS1/4 on input line 312.
Package textcomp Info: Setting futj sub-encoding to TS1/4 on input line 313.
Package textcomp Info: Setting hlh sub-encoding to TS1/3 on input line 314.
Package textcomp Info: Setting hls sub-encoding to TS1/3 on input line 315.
Package textcomp Info: Setting hlst sub-encoding to TS1/3 on input line 316.
Package textcomp Info: Setting hlct sub-encoding to TS1/5 on input line 317.
Package textcomp Info: Setting hlx sub-encoding to TS1/5 on input line 318.
Package textcomp Info: Setting hlce sub-encoding to TS1/5 on input line 319.
Package textcomp Info: Setting hlcn sub-encoding to TS1/5 on input line 320.
Package textcomp Info: Setting hlcw sub-encoding to TS1/5 on input line 321.
Package textcomp Info: Setting hlcf sub-encoding to TS1/5 on input line 322.
Package textcomp Info: Setting pplx sub-encoding to TS1/3 on input line 323.
Package textcomp Info: Setting pplj sub-encoding to TS1/3 on input line 324.
Package textcomp Info: Setting ptmx sub-encoding to TS1/4 on input line 325.
Package textcomp Info: Setting ptmj sub-encoding to TS1/4 on input line 326.
)
(/usr/share/texmf-texlive/tex/latex/changepage/changepage.sty
Package: changepage 2009/10/20 v1.0c check page and change page layout
\c@cp@cntr=\count96
\cp@tempcnt=\count97
)
(/usr/share/texmf-texlive/tex/latex/setspace/setspace.sty
Package: setspace 2000/12/01 6.7 Contributed and Supported LaTeX2e package

Package: `setspace' 6.7 <2000/12/01>
) (/usr/share/texmf-texlive/tex/latex/geometry/geometry.sty
Package: geometry 2008/12/21 v4.2 Page Geometry

(/usr/share/texmf-texlive/tex/generic/oberdiek/ifpdf.sty
Package: ifpdf 2009/04/10 v2.0 Provides the ifpdf switch (HO)
Package ifpdf Info: pdfTeX in pdf mode detected.
)
(/usr/share/texmf-texlive/tex/generic/oberdiek/ifvtex.sty
Package: ifvtex 2008/11/04 v1.4 Switches for detecting VTeX and its modes (HO)
Package ifvtex Info: VTeX not detected.
)
\Gm@cnth=\count98
\Gm@cntv=\count99
\c@Gm@tempcnt=\count100
\Gm@bindingoffset=\dimen106
\Gm@wd@mp=\dimen107
\Gm@odd@mp=\dimen108
\Gm@even@mp=\dimen109
\Gm@dimlist=\toks19
) (./book.aux)
\openout1 = `book.aux'.

LaTeX Font Info:    Checking defaults for OML/cmm/m/it on input line 49.
LaTeX Font Info:    ... okay on input line 49.
LaTeX Font Info:    Checking defaults for T1/cmr/m/n on input line 49.
LaTeX Font Info:    ... okay on input line 49.
LaTeX Font Info:    Checking defaults for OT1/cmr/m/n on input line 49.
LaTeX Font Info:    ... okay on input line 49.
LaTeX Font Info:    Checking defaults for OMS/cmsy/m/n on input line 49.
LaTeX Font Info:    ... okay on input line 49.
LaTeX Font Info:    Checking defaults for OMX/cmex/m/n on input line 49.
LaTeX Font Info:    ... okay on input line 49.
LaTeX Font Info:    Checking defaults for U/cmr/m/n on input line 49.
LaTeX Font Info:    ... okay on input line 49.
LaTeX Font Info:    Checking defaults for T2A/cmr/m/n on input line 49.
LaTeX Font Info:    ... okay on input line 49.
LaTeX Font Info:    Checking defaults for TS1/cmr/m/n on input line 49.
LaTeX Font Info:    Try loading font information for TS1+cmr on input line 49.

(/usr/share/texmf-texlive/tex/latex/base/ts1cmr.fd
File: ts1cmr.fd 1999/05/25 v2.5h Standard LaTeX font definitions
)
LaTeX Font Info:    ... okay on input line 49.
LaTeX Font Info:    Try loading font information for T2A+fac on input line 49.

(/home/annndrey/.texmf-var/tex/latex/pscyr/t2afac.fd
File: t2afac.fd 2004/09/27 Fontinst v1.914 font definitions for T2A/fac.
)
(/usr/share/texmf-texlive/tex/context/base/supp-pdf.mkii
[Loading MPS to PDF converter (version 2006.09.02).]
\scratchcounter=\count101
\scratchdimen=\dimen110
\scratchbox=\box28
\nofMPsegments=\count102
\nofMParguments=\count103
\everyMPshowfont=\toks20
\MPscratchCnt=\count104
\MPscratchDim=\dimen111
\MPnumerator=\count105
\everyMPtoPDFconversion=\toks21
)
*geometry auto-detecting driver*
*geometry detected driver: pdftex*
-------------------- Geometry parameters
paper: a5paper
landscape: --
twocolumn: --
twoside: true
asymmetric: --
h-parts: 42.67912pt, 335.74254pt, 42.67912pt
v-parts: 56.9055pt, 483.69687pt, 56.9055pt
hmarginratio: --
vmarginratio: --
lines: --
heightrounded: --
bindingoffset: 0.0pt
truedimen: --
includehead: --
includefoot: --
includemp: --
driver: pdftex
-------------------- Page layout dimensions and switches
\paperwidth  421.10078pt
\paperheight 597.50787pt
\textwidth  335.74254pt
\textheight 483.69687pt
\oddsidemargin  -29.59087pt
\evensidemargin -29.59087pt
\topmargin  -52.36449pt
\headheight 12.0pt
\headsep    25.0pt
\footskip   30.0pt
\marginparwidth 48.0pt
\marginparsep   10.0pt
\columnsep  10.0pt
\skip\footins  10.8pt plus 4.0pt minus 2.0pt
\hoffset 0.0pt
\voffset 0.0pt
\mag 1000
\@twosidetrue \@mparswitchtrue 
(1in=72.27pt, 1cm=28.45pt)
-----------------------
[5

{/home/annndrey/.texmf-var/fonts/map/pdftex/updmap/pdftex.map}] [6] [7]
[8] [9] [10] [11] [12] [13]
<picts/zastavka.png, id=33, 348.8232pt x 360.3864pt>
File: picts/zastavka.png Graphic file (type png)
 <use picts/zastavka.png>
[14 <./picts/zastavka.png (PNG copy)>] [15]
<picts/Gestokiy_romans1.png, id=40, 1243.64626pt x 1728.4575pt>
File: picts/Gestokiy_romans1.png Graphic file (type png)

<use picts/Gestokiy_romans1.png>
Underfull \vbox (badness 10000) has occurred while \output is active []

 [16 <./picts/Gestokiy_romans1.png (PNG copy)>]<<ot1.cmap>><<oml.cmap>><<oms.cm
ap>>
LaTeX Font Info:    External font `cmex10' loaded for size
(Font)              <12> on input line 467.
<<omx.cmap>>
LaTeX Font Info:    External font `cmex10' loaded for size
(Font)              <8> on input line 467.
LaTeX Font Info:    External font `cmex10' loaded for size
(Font)              <6> on input line 467.
 [17] <picts/Kto_raspryag1.png, id=53, 1251.17438pt x 1641.88406pt>
File: picts/Kto_raspryag1.png Graphic file (type png)

<use picts/Kto_raspryag1.png> [18 <./picts/Kto_raspryag1.png (PNG copy)>]
[19] <picts/Ya_otmanil.png, id=60, 1306.8825pt x 1996.45876pt>
File: picts/Ya_otmanil.png Graphic file (type png)

<use picts/Ya_otmanil.png>
Overfull \vbox (42.18608pt too high) has occurred while \output is active []


[20 <./picts/Ya_otmanil.png (PNG copy)>] [21]
<picts/Na_svadbu_piva1.png, id=67, 398.9304pt x 536.7252pt>
File: picts/Na_svadbu_piva1.png Graphic file (type png)

<use picts/Na_svadbu_piva1.png> [22 <./picts/Na_svadbu_piva1.png (PNG copy)>]
[23] <picts/Ti_ne_plach1.png, id=76, 373.8768pt x 499.1448pt>
File: picts/Ti_ne_plach1.png Graphic file (type png)

<use picts/Ti_ne_plach1.png> [24 <./picts/Ti_ne_plach1.png (PNG copy)>]
[25] <picts/Eto_moya_zemla1.png, id=84, 365.80666pt x 469.15276pt>
File: picts/Eto_moya_zemla1.png Graphic file (type png)

<use picts/Eto_moya_zemla1.png> [26 <./picts/Eto_moya_zemla1.png (PNG copy)>]
[27] <picts/stixi_pokoynogo_poeta1.png, id=91, 375.804pt x 502.9992pt>
File: picts/stixi_pokoynogo_poeta1.png Graphic file (type png)

<use picts/stixi_pokoynogo_poeta1.png> [28 <./picts/stixi_pokoynogo_poeta1.png 
(PNG copy)>] [29] <picts/Na_mira_xram.png, id=100, 367.1316pt x 502.0356pt>
File: picts/Na_mira_xram.png Graphic file (type png)

<use picts/Na_mira_xram.png> [30 <./picts/Na_mira_xram.png (PNG copy)>]
[31] <picts/Iz_tmy_gospod.png, id=108, 2335.22438pt x 2969.0925pt>
File: picts/Iz_tmy_gospod.png Graphic file (type png)

<use picts/Iz_tmy_gospod.png> [32 <./picts/Iz_tmy_gospod.png (PNG copy)>]
[33] <picts/Gde_zreet_vinograd.png, id=116, 2347.26938pt x 3130.19438pt>
File: picts/Gde_zreet_vinograd.png Graphic file (type png)

<use picts/Gde_zreet_vinograd.png> [34 <./picts/Gde_zreet_vinograd.png (PNG cop
y)>] [35] <picts/Pro_dobrryx_kitaycev.png, id=125, 372.9132pt x 497.2176pt>
File: picts/Pro_dobrryx_kitaycev.png Graphic file (type png)

<use picts/Pro_dobrryx_kitaycev.png> [36 <./picts/Pro_dobrryx_kitaycev.png (PNG
 copy)>] [37]
<picts/starinnaya_angliyskaya_pesenka.png, id=133, 378.9357pt x 500.8311pt>
File: picts/starinnaya_angliyskaya_pesenka.png Graphic file (type png)

<use picts/starinnaya_angliyskaya_pesenka.png> [38 <./picts/starinnaya_angliysk
aya_pesenka.png (PNG copy)>] [39]
<picts/o_vse_vidavshem.png, id=141, 373.6359pt x 503.481pt>
File: picts/o_vse_vidavshem.png Graphic file (type png)

<use picts/o_vse_vidavshem.png> [40 <./picts/o_vse_vidavshem.png (PNG copy)>]
[41] <picts/po_Kalugskomu_po_shlyaxu.png, id=150, 2314.14563pt x 3133.95844pt>
File: picts/po_Kalugskomu_po_shlyaxu.png Graphic file (type png)

<use picts/po_Kalugskomu_po_shlyaxu.png> [42 <./picts/po_Kalugskomu_po_shlyaxu.
png (PNG copy)>] [43]
<picts/nad_vodoy_slishnee_zvuki.png, id=158, 388.8126pt x 500.1084pt>
File: picts/nad_vodoy_slishnee_zvuki.png Graphic file (type png)

<use picts/nad_vodoy_slishnee_zvuki.png> [44 <./picts/nad_vodoy_slishnee_zvuki.
png (PNG copy)>] [45]
<picts/nad_Oykumenoy_ostrovnoyu.png, id=166, 365.9271pt x 496.254pt>
File: picts/nad_Oykumenoy_ostrovnoyu.png Graphic file (type png)

<use picts/nad_Oykumenoy_ostrovnoyu.png> [46 <./picts/nad_Oykumenoy_ostrovnoyu.
png (PNG copy)>] [47]
<picts/zemla_bezvidna_i_pusta.png, id=175, 388.45125pt x 510.708pt>
File: picts/zemla_bezvidna_i_pusta.png Graphic file (type png)

<use picts/zemla_bezvidna_i_pusta.png> [48 <./picts/zemla_bezvidna_i_pusta.png 
(PNG copy)>] [49]
<picts/Pesenka_ob_anglii.png, id=183, 374.8404pt x 501.072pt>
File: picts/Pesenka_ob_anglii.png Graphic file (type png)

<use picts/Pesenka_ob_anglii.png> [50 <./picts/Pesenka_ob_anglii.png (PNG copy)
>] [51] <picts/vozmi_svoy_gezl.png, id=191, 2326.94344pt x 3142.23938pt>
File: picts/vozmi_svoy_gezl.png Graphic file (type png)

<use picts/vozmi_svoy_gezl.png> [52 <./picts/vozmi_svoy_gezl.png (PNG copy)>]
[53] <picts/On_v_lodku_k_nam.png, id=200, 2479.76437pt x 3539.72438pt>
File: picts/On_v_lodku_k_nam.png Graphic file (type png)

<use picts/On_v_lodku_k_nam.png>
Overfull \vbox (8.54962pt too high) has occurred while \output is active []


[54 <./picts/On_v_lodku_k_nam.png (PNG copy)>] [55]
<picts/Ya_pshenoy_kashey.png, id=208, 400.1349pt x 565.75365pt>
File: picts/Ya_pshenoy_kashey.png Graphic file (type png)

<use picts/Ya_pshenoy_kashey.png>
Overfull \vbox (4.01498pt too high) has occurred while \output is active []


[56 <./picts/Ya_pshenoy_kashey.png (PNG copy)>] [57]
<picts/Ya_ne_skotina.png, id=216, 396.0396pt x 525.162pt>
File: picts/Ya_ne_skotina.png Graphic file (type png)

<use picts/Ya_ne_skotina.png> [58 <./picts/Ya_ne_skotina.png (PNG copy)>]
[59] <picts/Smeyalsa_Bog.png, id=225, 2476.0003pt x 3444.87pt>
File: picts/Smeyalsa_Bog.png Graphic file (type png)

<use picts/Smeyalsa_Bog.png>
Underfull \vbox (badness 10000) has occurred while \output is active []

 [60 <./picts/Smeyalsa_Bog.png (PNG copy)>] [61]
<picts/Varvari_knigi_topili.png, id=233, 397.0032pt x 529.98pt>
File: picts/Varvari_knigi_topili.png Graphic file (type png)

<use picts/Varvari_knigi_topili.png> [62 <./picts/Varvari_knigi_topili.png (PNG
 copy)>] [63] <picts/Posmotry_na_vostok.png, id=241, 393.3897pt x 532.02765pt>
File: picts/Posmotry_na_vostok.png Graphic file (type png)

<use picts/Posmotry_na_vostok.png> [64 <./picts/Posmotry_na_vostok.png (PNG cop
y)>] [65] <picts/Stradaet_telo.png, id=250, 401.45985pt x 535.2798pt>
File: picts/Stradaet_telo.png Graphic file (type png)

<use picts/Stradaet_telo.png> [66 <./picts/Stradaet_telo.png (PNG copy)>]
[67] <picts/Zdes'_ten'_so_svetom.png, id=258, 2456.42719pt x 3324.42pt>
File: picts/Zdes'_ten'_so_svetom.png Graphic file (type png)

<use picts/Zdes'_ten'_so_svetom.png> [68 <./picts/Zdes'_ten'_so_svetom.png (PNG
 copy)>] [69]
<picts/Yanvarskoy_nochyu_iz_gnezda.png, id=266, 402.7848pt x 544.434pt>
File: picts/Yanvarskoy_nochyu_iz_gnezda.png Graphic file (type png)

<use picts/Yanvarskoy_nochyu_iz_gnezda.png> [70 <./picts/Yanvarskoy_nochyu_iz_g
nezda.png (PNG copy)>]
LaTeX Font Info:    External font `cmex10' loaded for size
(Font)              <10.95> on input line 1092.
 [71]
<picts/Iz_rycarskix_vremen.png, id=275, 2449.65187pt x 3291.29625pt>
File: picts/Iz_rycarskix_vremen.png Graphic file (type png)

<use picts/Iz_rycarskix_vremen.png> [72 <./picts/Iz_rycarskix_vremen.png (PNG c
opy)>] [73]
<picts/Givet_na_gorke_Olaf_Lusiy.png, id=283, 389.2944pt x 529.0164pt>
File: picts/Givet_na_gorke_Olaf_Lusiy.png Graphic file (type png)

<use picts/Givet_na_gorke_Olaf_Lusiy.png> [74 <./picts/Givet_na_gorke_Olaf_Lusi
y.png (PNG copy)>] [75] <picts/Na_Moskve.png, id=291, 397.485pt x 548.5293pt>
File: picts/Na_Moskve.png Graphic file (type png)

<use picts/Na_Moskve.png>
Underfull \vbox (badness 10000) has occurred while \output is active []

 [76 <./picts/Na_Moskve.png (PNG copy)>] [77]
<picts/Lezet_pianiza_Saveliy.png, id=300, 2459.43843pt x 3315.38625pt>
File: picts/Lezet_pianiza_Saveliy.png Graphic file (type png)

<use picts/Lezet_pianiza_Saveliy.png> [78 <./picts/Lezet_pianiza_Saveliy.png (P
NG copy)>] [79]
<picts/Ya_minoval_exidnu_i_bika.png, id=308, 390.258pt x 532.8708pt>
File: picts/Ya_minoval_exidnu_i_bika.png Graphic file (type png)

<use picts/Ya_minoval_exidnu_i_bika.png> [80 <./picts/Ya_minoval_exidnu_i_bika.
png (PNG copy)>] [81]
<picts/Zdes_hodiat_rybi_megdu_lovkix_mregey.png, id=316, 2500.84312pt x 3469.71
281pt>
File: picts/Zdes_hodiat_rybi_megdu_lovkix_mregey.png Graphic file (type png)
 <use picts/Zdes_hodiat_rybi_megdu_lovkix_mregey.png>
Underfull \vbox (badness 10000) has occurred while \output is active []

 [82 <./picts/Zdes_hodiat_rybi_megdu_lovkix_mregey.png (PNG copy)>] [83]
<picts/Vihodit_na_goru_elen.png, id=325, 2457.18pt x 3300.33pt>
File: picts/Vihodit_na_goru_elen.png Graphic file (type png)

<use picts/Vihodit_na_goru_elen.png> [84 <./picts/Vihodit_na_goru_elen.png (PNG
 copy)>] [85] <picts/Net_u_muziki_uma.png, id=333, 392.4261pt x 528.17325pt>
File: picts/Net_u_muziki_uma.png Graphic file (type png)

<use picts/Net_u_muziki_uma.png> [86 <./picts/Net_u_muziki_uma.png (PNG copy)>]
[87] <picts/Tango_Leto.png, id=341, 390.86024pt x 522.0303pt>
File: picts/Tango_Leto.png Graphic file (type png)

<use picts/Tango_Leto.png> [88 <./picts/Tango_Leto.png (PNG copy)>] [89]
<picts/Gryadet_Velikaya_Igra.png, id=350, 389.2944pt x 528.0528pt>
File: picts/Gryadet_Velikaya_Igra.png Graphic file (type png)

<use picts/Gryadet_Velikaya_Igra.png> [90 <./picts/Gryadet_Velikaya_Igra.png (P
NG copy)>] [91] <picts/Vivodila_nas_Luna.png, id=358, 395.076pt x 528.0528pt>
File: picts/Vivodila_nas_Luna.png Graphic file (type png)

<use picts/Vivodila_nas_Luna.png> [92 <./picts/Vivodila_nas_Luna.png (PNG copy)
>] [93] <picts/Begstvo_v_Egipet.png, id=366, 395.076pt x 559.8516pt>
File: picts/Begstvo_v_Egipet.png Graphic file (type png)

<use picts/Begstvo_v_Egipet.png>
Overfull \vbox (5.08525pt too high) has occurred while \output is active []


[94 <./picts/Begstvo_v_Egipet.png (PNG copy)>] [95]
<picts/Tsvetushiy_Aaronov_posox.png, id=375, 3428.81pt x 4721.64pt>
File: picts/Tsvetushiy_Aaronov_posox.png Graphic file (type png)

<use picts/Tsvetushiy_Aaronov_posox.png>
Underfull \vbox (badness 10000) has occurred while \output is active []

 [96 <./picts/Tsvetushiy_Aaronov_posox.png (PNG copy)>] [97]
<picts/Pesn_pesney.png, id=383, 405.4347pt x 524.6802pt>
File: picts/Pesn_pesney.png Graphic file (type png)

<use picts/Pesn_pesney.png> [98 <./picts/Pesn_pesney.png (PNG copy)>] [99]
<picts/I_vot_noyabr_Otkrila_dali_osen.png, id=391, 397.0032pt x 542.5068pt>
File: picts/I_vot_noyabr_Otkrila_dali_osen.png Graphic file (type png)

<use picts/I_vot_noyabr_Otkrila_dali_osen.png> [100 <./picts/I_vot_noyabr_Otkri
la_dali_osen.png (PNG copy)>] [101]
<picts/Pasxalnoe_poslednee.png, id=400, 394.23285pt x 540.3387pt>
File: picts/Pasxalnoe_poslednee.png Graphic file (type png)

<use picts/Pasxalnoe_poslednee.png> [102 <./picts/Pasxalnoe_poslednee.png (PNG 
copy)>] [103] <picts/krest.png, id=408, 392.1852pt x 526.1256pt>
File: picts/krest.png Graphic file (type png)

<use picts/krest.png> [104 <./picts/krest.png (PNG copy)>] [105] [106] [107]
Overfull \hbox (7.76605pt too wide) in paragraph at lines 1799--1821
[]\T2A/fac/m/n/12 Справедливости ра-ди за-ме-чу, что ма-те-ма-ти-че-ский им-пе-
ра-тив ``наи-
 []

[108]
Underfull \vbox (badness 10000) has occurred while \output is active []

 [109]
[110]
Underfull \vbox (badness 5681) has occurred while \output is active []

 [111]
[112] [113] [114] (./book.toc
LaTeX Font Info:    Try loading font information for OT1+fac on input line 1.

(/home/annndrey/.texmf-var/tex/latex/pscyr/ot1fac.fd
File: ot1fac.fd 2001/12/09 Fontinst v1.914 font definitions for OT1/fac.
)
LaTeX Font Info:    Font shape `T2A/fac/bx/it' in size <10.95> not available
(Font)              Font shape `T2A/fac/bx/sl' tried instead on input line 2.

Overfull \hbox (0.95154pt too wide) in paragraph at lines 5--5
 [][] \T2A/fac/m/n/10.95 Кто рас-пряг се-ми-звезд-ный 
 []


Overfull \hbox (0.29451pt too wide) in paragraph at lines 7--7
 [][] \T2A/fac/m/n/10.95 На сва-дьбу пи-ва но-во-го не 
 []


Overfull \hbox (4.37885pt too wide) in paragraph at lines 8--8
 [][] \T2A/fac/m/n/10.95 Ты не плачь, не плачь, Ма- 
 []


Overfull \hbox (3.90802pt too wide) in paragraph at lines 11--11
 [][] \T2A/fac/m/n/10.95 На ми-ра храм ло-жит-ся пер- 
 []


Overfull \hbox (0.5354pt too wide) in paragraph at lines 33--33
 [][] \T2A/fac/m/n/10.95 Жи-вет на гор-ке Олаф Лы- 
 []


Overfull \hbox (9.05447pt too wide) in paragraph at lines 37--37
 [][] \T2A/fac/m/n/10.95 Здесь хо-дят ры-бы ми-мо лов- 
 []


Overfull \hbox (1.84938pt too wide) in paragraph at lines 39--39
 [][] \T2A/fac/m/n/10.95 Чет-вер-тый кон-церт Рах-ма- 
 []


Overfull \hbox (3.042pt too wide) in paragraph at lines 47--47
 [][] \T2A/fac/m/n/10.95 И вот но-ябрь. От-кры-ла да- 
 []

)
\tf@toc=\write3
\openout3 = `book.toc'.

 [115


] (./book.aux) ) 
Here is how much of TeX's memory you used:
 3760 strings out of 494818
 50273 string characters out of 1178666
 100869 words of memory out of 3000000
 6807 multiletter control sequences out of 15000+50000
 14906 words of font info for 38 fonts, out of 3000000 for 9000
 213 hyphenation exceptions out of 8191
 25i,5n,24p,899b,328s stack positions out of 5000i,500n,10000p,200000b,50000s
{/home/annndrey/.texmf-var/fonts/enc/t2a.enc}</home/annndrey/.t
exmf-var/fonts/type1/public/pscyr/acade2.pfb></home/annndrey/.texmf-var/fonts/t
ype1/public/pscyr/acade3.pfb></home/annndrey/.texmf-var/fonts/type1/public/pscy
r/acade3.pfb>
Output written on book.pdf (111 pages, 8412793 bytes).
PDF statistics:
 465 PDF objects out of 1000 (max. 8388607)
 0 named destinations out of 1000 (max. 500000)
 251 words of extra memory for PDF output out of 10000 (max. 10000000)

